<?xml version="1.0" encoding="utf-8"?><testsuites><testsuite name="pytest" errors="0" failures="0" skipped="0" tests="282" time="24.007" timestamp="2025-11-14T23:16:32.880765" hostname="mouskitos"><testcase classname="tests.test_addon_import" name="test_addon_importable" time="0.032" /><testcase classname="tests.test_addon_import_safe" name="test_addon_import_is_import_safe" time="0.015" /><testcase classname="tests.test_addon_prefs" name="test_start_server_respects_pref" time="0.037" /><testcase classname="tests.test_addon_prefs" name="test_start_server_blocked_by_pref" time="0.010" /><testcase classname="tests.test_addon_server_ui" name="test_start_stop_server_ui" time="0.011" /><testcase classname="tests.test_asgi_tools" name="test_call_tool_success" time="0.118" /><testcase classname="tests.test_asgi_tools" name="test_call_tool_invalid_params" time="0.041" /><testcase classname="tests.test_asgi_tools" name="test_call_tool_timeout" time="0.025" /><testcase classname="tests.test_bbox" name="test_process_bbox_none" time="0.002" /><testcase classname="tests.test_bbox" name="test_process_bbox_ints" time="0.002" /><testcase classname="tests.test_bbox" name="test_process_bbox_floats" time="0.002" /><testcase classname="tests.test_bbox" name="test_process_bbox_zero_max_raises" time="0.002" /><testcase classname="tests.test_bbox" name="test_process_bbox_negative_raises" time="0.002" /><testcase classname="tests.test_blender_codegen" name="test_generate_cube" time="0.002" /><testcase classname="tests.test_blender_codegen" name="test_append_save_blend" time="0.019" /><testcase classname="tests.test_blender_connection" name="test_blender_connection_connect_success" time="0.003" /><testcase classname="tests.test_blender_connection" name="test_blender_connection_send_command_roundtrip" time="0.004" /><testcase classname="tests.test_blender_ui_facade" name="test_lazy_facade_exposes_legacy_names" time="0.068" /><testcase classname="tests.test_command_adapter" name="test_command_adapter_success_and_unknown" time="0.002" /><testcase classname="tests.test_command_adapter" name="test_command_adapter_invalid_format_and_handler_error" time="0.019" /><testcase classname="tests.test_command_adapter_errors" name="test_adapter_maps_invalid_params_to_error_code" time="0.002" /><testcase classname="tests.test_command_adapter_errors" name="test_adapter_unknown_command_returns_not_found" time="0.002" /><testcase classname="tests.test_command_adapter_errors" name="test_adapter_success_path_preserved" time="0.002" /><testcase classname="tests.test_command_adapter_policy" name="test_command_adapter_policy_blocks_and_allows" time="0.002" /><testcase classname="tests.test_command_adapter_policy" name="test_dispatcher_dispatch_command_wires_policy" time="0.002" /><testcase classname="tests.test_command_adapter_policy" name="test_policy_allows_command" time="0.002" /><testcase classname="tests.test_command_adapter_policy" name="test_policy_blocks_command" time="0.003" /><testcase classname="tests.test_command_adapter_policy" name="test_dispatcher_policy_override_precedence" time="0.002" /><testcase classname="tests.test_command_adapter_policy" name="test_dispatcher_policy_runtime_update" time="0.003" /><testcase classname="tests.test_connection" name="test_reassembles_fragmented_message" time="0.003" /><testcase classname="tests.test_connection" name="test_multiple_messages_back_to_back" time="0.002" /><testcase classname="tests.test_connection" name="test_receive_timeout_raises" time="0.019" /><testcase classname="tests.test_connection" name="test_reassembler_single_message" time="0.002" /><testcase classname="tests.test_connection" name="test_reassembler_split_chunks" time="0.002" /><testcase classname="tests.test_connection" name="test_reassembler_multiple_messages" time="0.002" /><testcase classname="tests.test_connection" name="test_reassembler_ignores_empty_lines" time="0.002" /><testcase classname="tests.test_connection" name="test_blender_connection_iter_chunks" time="0.003" /><testcase classname="tests.test_connection" name="test_reassembler_bad_json_raises" time="0.026" /><testcase classname="tests.test_connection" name="test_connect_handles_exception" time="0.013" /><testcase classname="tests.test_connection" name="test_send_command_with_fake_socket" time="0.004" /><testcase classname="tests.test_connection_reassembly" name="test_send_command_reassembles_fragments" time="0.002" /><testcase classname="tests.test_connection_reassembly" name="test_send_command_timeout_partial_json" time="0.128" /><testcase classname="tests.test_connection_reassembly" name="test_connect_failure" time="0.330" /><testcase classname="tests.test_core_transport" name="test_core_transport_uses_connection_core" time="0.026" /><testcase classname="tests.test_core_transport" name="test_core_transport_send_raises" time="0.040" /><testcase classname="tests.test_core_transport" name="test_core_transport_receive_raises" time="0.033" /><testcase classname="tests.test_deprecations" name="test_legacy_modules_emit_deprecation_warning[blender_mcp.simple_dispatcher-deprecated; use blender_mcp.dispatchers]" time="0.016" /><testcase classname="tests.test_deprecations" name="test_legacy_modules_emit_deprecation_warning[blender_mcp.server_shim-deprecated; use blender_mcp.servers.shim]" time="0.012" /><testcase classname="tests.test_deprecations" name="test_legacy_modules_emit_deprecation_warning[blender_mcp.server-compatibility fa\xe7ade; import from blender_mcp.servers.server]" time="0.011" /><testcase classname="tests.test_deprecations" name="test_legacy_modules_emit_deprecation_warning[blender_mcp.connection_core-deprecated; migrate to blender_mcp.services.connection.network_core]" time="0.023" /><testcase classname="tests.test_dispatcher" name="test_register_and_dispatch" time="0.002" /><testcase classname="tests.test_dispatcher" name="test_unknown_handler_returns_none" time="0.004" /><testcase classname="tests.test_dispatcher" name="test_handler_exception_wrapped" time="0.015" /><testcase classname="tests.test_dispatcher" name="test_register_and_dispatch_commanddispatcher" time="0.002" /><testcase classname="tests.test_dispatcher" name="test_unregister_and_missing" time="0.002" /><testcase classname="tests.test_dispatcher" name="test_register_default_handlers" time="0.003" /><testcase classname="tests.test_dispatcher" name="test_run_bridge_calls_primitive_handler" time="0.003" /><testcase classname="tests.test_dispatcher" name="test_run_bridge_clarify_then_mapped" time="0.005" /><testcase classname="tests.test_dispatcher" name="test_run_bridge_direct_mcp_call" time="0.004" /><testcase classname="tests.test_dispatcher_full" name="test_register_duplicate_raises" time="0.003" /><testcase classname="tests.test_dispatcher_full" name="test_dispatch_strict_missing_raises" time="0.003" /><testcase classname="tests.test_dispatcher_full" name="test_dispatch_with_timeout" time="0.205" /><testcase classname="tests.test_dispatcher_full" name="test_dispatch_command_success_and_error" time="0.014" /><testcase classname="tests.test_dispatcher_full" name="test_register_default_handlers" time="0.002" /><testcase classname="tests.test_dispatcher_instrumentation" name="test_instrumentation_success" time="0.005" /><testcase classname="tests.test_dispatcher_instrumentation" name="test_instrumentation_error" time="0.017" /><testcase classname="tests.test_dispatcher_instrumentation" name="test_instrumentation_adapter_invoke" time="0.004" /><testcase classname="tests.test_dispatcher_interface" name="test_dispatcher_implements_abstract_dispatcher" time="0.002" /><testcase classname="tests.test_dispatcher_interface" name="test_command_dispatcher_compat_still_works" time="0.002" /><testcase classname="tests.test_dispatcher_interface" name="test_register_default_handlers_no_error" time="0.002" /><testcase classname="tests.test_dispatcher_run_bridge" name="test_run_bridge_calls_local_handler" time="0.006" /><testcase classname="tests.test_dispatcher_run_bridge" name="test_run_bridge_handles_clarify_loop" time="0.005" /><testcase classname="tests.test_dispatcher_run_bridge" name="test_dispatch_with_timeout_times_out" time="0.205" /><testcase classname="tests.test_dispatcher_run_bridge" name="test_dispatch_command_error_and_success" time="0.003" /><testcase classname="tests.test_dispatcher_strategies" name="test_custom_handler_resolution_strategy" time="0.002" /><testcase classname="tests.test_dispatcher_strategies" name="test_custom_policy_strategy_blocks" time="0.002" /><testcase classname="tests.test_dispatcher_timeout" name="test_dispatch_with_timeout_raises" time="0.203" /><testcase classname="tests.test_dispatcher_timeout" name="test_dispatch_with_timeout_success" time="0.003" /><testcase classname="tests.test_dispatcher_timeout" name="test_concurrent_handlers_run_in_parallel" time="0.105" /><testcase classname="tests.test_dispatcher_unify" name="test_dispatcher_register_and_dispatch" time="0.002" /><testcase classname="tests.test_downloaders" name="test_download_bytes_success" time="0.003" /><testcase classname="tests.test_downloaders" name="test_download_bytes_raises_on_error" time="0.003" /><testcase classname="tests.test_downloaders" name="test_secure_extract_zip_bytes_extracts_and_rejects_traversal" time="0.008" /><testcase classname="tests.test_downloaders_extra" name="test_download_to_tempfile_happy_path" time="0.010" /><testcase classname="tests.test_downloaders_extra" name="test_download_to_tempfile_propagates_errors" time="0.007" /><testcase classname="tests.test_downloaders_retry" name="test_download_bytes_retries_success" time="0.006" /><testcase classname="tests.test_downloaders_retry" name="test_download_bytes_uses_session" time="0.002" /><testcase classname="tests.test_downloaders_retry" name="test_download_bytes_no_retry_on_4xx" time="0.005" /><testcase classname="tests.test_embedded_adapter" name="test_start_server_process_monkeypatched" time="0.005" /><testcase classname="tests.test_embedded_adapter" name="test_stop_server_process" time="0.003" /><testcase classname="tests.test_embedded_adapter" name="test_default_command_nonwindows" time="0.003" /><testcase classname="tests.test_endpoints" name="test_endpoints_registered_and_callable" time="0.004" /><testcase classname="tests.test_errors" name="test_exceptions_exist_and_subclass_exception" time="0.002" /><testcase classname="tests.test_errors_mapping" name="test_error_code_for_each_canonical_exception" time="0.002" /><testcase classname="tests.test_errors_mapping" name="test_error_code_fallback_internal_error" time="0.002" /><testcase classname="tests.test_execute_service" name="test_execute_blender_code_missing_param" time="0.002" /><testcase classname="tests.test_execute_service" name="test_execute_blender_code_no_bpy" time="0.019" /><testcase classname="tests.test_execute_service" name="test_execute_blender_code_success" time="0.017" /><testcase classname="tests.test_execute_service" name="test_execute_blender_code_exception" time="0.046" /><testcase classname="tests.test_execute_service" name="test_execute_blender_code_dry_run" time="0.022" /><testcase classname="tests.test_handler_executor" name="test_executor_basic_call" time="0.003" /><testcase classname="tests.test_handler_executor" name="test_executor_timeout" time="0.104" /><testcase classname="tests.test_hyper3d" name="test_create_rodin_job_main_site" time="0.005" /><testcase classname="tests.test_hyper3d" name="test_poll_status_main_site" time="0.003" /><testcase classname="tests.test_hyper3d" name="test_import_generated_asset_main_site" time="0.010" /><testcase classname="tests.test_hyper3d_extra" name="test_import_generated_asset_main_site_streaming_fallback" time="0.009" /><testcase classname="tests.test_hyper3d_extra" name="test_import_generated_asset_fal_ai_prefers_downloaders" time="0.007" /><testcase classname="tests.test_hyper3d_extra" name="test_poll_rodin_job_status_fal_ai_fallback" time="0.005" /><testcase classname="tests.test_hyper3d_services" name="test_generate_text_fal_success" time="0.004" /><testcase classname="tests.test_hyper3d_services" name="test_generate_images_fal_success" time="0.003" /><testcase classname="tests.test_hyper3d_services" name="test_generate_images_invalid_urls" time="0.002" /><testcase classname="tests.test_hyper3d_services" name="test_poll_fal_success" time="0.004" /><testcase classname="tests.test_hyper3d_services" name="test_poll_main_site_success" time="0.003" /><testcase classname="tests.test_hyper3d_services" name="test_import_fal_success" time="0.004" /><testcase classname="tests.test_hyper3d_services" name="test_import_main_site_success" time="0.003" /><testcase classname="tests.test_hyper3d_services" name="test_generate_text_network_error" time="0.004" /><testcase classname="tests.test_logging_utils" name="test_log_action_emits_info" time="0.002" /><testcase classname="tests.test_logging_utils" name="test_log_action_payload_shape" time="0.002" /><testcase classname="tests.test_materials" name="test_build_spec_from_keys_basic" time="0.002" /><testcase classname="tests.test_materials" name="test_build_material_spec_mapping" time="0.002" /><testcase classname="tests.test_materials_extra" name="test_build_material_spec_basic" time="0.002" /><testcase classname="tests.test_materials_spec" name="test_build_material_spec_basic" time="0.002" /><testcase classname="tests.test_materials_spec" name="test_build_material_spec_arm_fallback" time="0.003" /><testcase classname="tests.test_node_helpers" name="test_create_normal_map_for_wires_normal_and_principled" time="0.002" /><testcase classname="tests.test_node_helpers" name="test_create_displacement_for_wires_to_output" time="0.002" /><testcase classname="tests.test_node_helpers" name="test_create_separate_rgb_and_ao_mix" time="0.002" /><testcase classname="tests.test_node_helpers_extra" name="test_create_normal_map_for_mock" time="0.002" /><testcase classname="tests.test_node_helpers_extra" name="test_create_displacement_for_mock" time="0.002" /><testcase classname="tests.test_node_helpers_extra" name="test_create_separate_rgb_mock" time="0.002" /><testcase classname="tests.test_node_helpers_extra" name="test_create_ao_mix_mock" time="0.002" /><testcase classname="tests.test_object_location" name="test_location_attribute_style" time="0.020" /><testcase classname="tests.test_object_location" name="test_location_sequence" time="0.014" /><testcase classname="tests.test_object_location" name="test_location_short_sequence" time="0.015" /><testcase classname="tests.test_object_location" name="test_location_mapping_like" time="0.015" /><testcase classname="tests.test_object_location" name="test_location_unparseable" time="0.015" /><testcase classname="tests.test_object_location_extra" name="test_location_decimal" time="0.014" /><testcase classname="tests.test_object_location_extra" name="test_location_array_sequence" time="0.014" /><testcase classname="tests.test_object_location_extra" name="test_location_non_numeric" time="0.015" /><testcase classname="tests.test_object_service" name="test_get_object_info_missing_name" time="0.003" /><testcase classname="tests.test_object_service" name="test_get_object_info_no_bpy" time="0.012" /><testcase classname="tests.test_object_service" name="test_get_object_info_found_in_data" time="0.014" /><testcase classname="tests.test_object_service" name="test_get_object_info_found_in_scene" time="0.014" /><testcase classname="tests.test_object_service" name="test_get_object_info_not_found" time="0.013" /><testcase classname="tests.test_policies" name="test_allow_all_returns_none" time="0.002" /><testcase classname="tests.test_policies" name="test_deny_all_returns_reason" time="0.002" /><testcase classname="tests.test_policies" name="test_role_based_allows_and_denies" time="0.002" /><testcase classname="tests.test_policies" name="test_and_or_composition" time="0.002" /><testcase classname="tests.test_polyhaven_addon" name="test_placeholder_polyhaven_addon" time="0.002" /><testcase classname="tests.test_polyhaven_download_service" name="test_polyhaven_download_success" time="0.006" /><testcase classname="tests.test_polyhaven_download_service" name="test_polyhaven_download_invalid_params[params0-asset_id]" time="0.002" /><testcase classname="tests.test_polyhaven_download_service" name="test_polyhaven_download_invalid_params[params1-asset_id]" time="0.002" /><testcase classname="tests.test_polyhaven_download_service" name="test_polyhaven_download_invalid_params[params2-asset_type]" time="0.003" /><testcase classname="tests.test_polyhaven_download_service" name="test_polyhaven_download_invalid_params[params3-asset_type]" time="0.002" /><testcase classname="tests.test_polyhaven_download_service" name="test_polyhaven_download_invalid_params[params4-resolution]" time="0.002" /><testcase classname="tests.test_polyhaven_download_service" name="test_polyhaven_download_invalid_params[params5-file_format]" time="0.002" /><testcase classname="tests.test_polyhaven_download_service" name="test_polyhaven_download_network_error" time="0.004" /><testcase classname="tests.test_polyhaven_helpers" name="test_fetch_files_data_success" time="0.004" /><testcase classname="tests.test_polyhaven_helpers" name="test_find_texture_map_urls" time="0.003" /><testcase classname="tests.test_polyhaven_helpers" name="test_find_model_file_info" time="0.002" /><testcase classname="tests.test_polyhaven_helpers" name="test_download_bytes" time="0.004" /><testcase classname="tests.test_polyhaven_helpers" name="test_prepare_model_files" time="0.009" /><testcase classname="tests.test_polyhaven_helpers" name="test_fetch_categories" time="0.003" /><testcase classname="tests.test_polyhaven_helpers" name="test_search_assets" time="0.003" /><testcase classname="tests.test_polyhaven_search_service" name="test_polyhaven_search_success" time="0.003" /><testcase classname="tests.test_polyhaven_search_service" name="test_polyhaven_search_invalid_asset_type" time="0.002" /><testcase classname="tests.test_polyhaven_search_service" name="test_polyhaven_search_invalid_categories_type" time="0.002" /><testcase classname="tests.test_polyhaven_search_service" name="test_polyhaven_search_invalid_page" time="0.002" /><testcase classname="tests.test_polyhaven_search_service" name="test_polyhaven_search_invalid_per_page" time="0.002" /><testcase classname="tests.test_polyhaven_search_service" name="test_polyhaven_search_network_error" time="0.004" /><testcase classname="tests.test_polyhaven_service" name="test_polyhaven_categories_success" time="0.003" /><testcase classname="tests.test_polyhaven_service" name="test_polyhaven_categories_invalid_params" time="0.002" /><testcase classname="tests.test_polyhaven_service" name="test_polyhaven_categories_network_error" time="0.004" /><testcase classname="tests.test_prompt_service" name="test_prompt_service_registered_and_callable" time="0.004" /><testcase classname="tests.test_raw_socket_transport" name="test_raw_socket_transport_send_and_receive" time="0.014" /><testcase classname="tests.test_raw_socket_transport" name="test_raw_socket_transport_retry" time="0.025" /><testcase classname="tests.test_receiver" name="test_response_receiver_reassembles_fragments" time="0.035" /><testcase classname="tests.test_receiver" name="test_response_receiver_timeout_raises" time="0.125" /><testcase classname="tests.test_receiver" name="test_response_receiver_large_message_exceeds" time="0.021" /><testcase classname="tests.test_receiver" name="test_response_receiver_multi_message_single_recv" time="0.014" /><testcase classname="tests.test_receiver" name="test_response_receiver_invalid_json_chunk_raises" time="0.050" /><testcase classname="tests.test_scene_service" name="test_get_scene_info_no_bpy" time="0.002" /><testcase classname="tests.test_scene_service" name="test_get_scene_info_with_bpy" time="0.013" /><testcase classname="tests.test_screenshot_service" name="test_screenshot_no_bpy" time="0.012" /><testcase classname="tests.test_screenshot_service" name="test_screenshot_no_helper" time="0.013" /><testcase classname="tests.test_screenshot_service" name="test_screenshot_helper_returns_non_bytes" time="0.012" /><testcase classname="tests.test_screenshot_service" name="test_screenshot_success" time="0.012" /><testcase classname="tests.test_screenshot_service" name="test_screenshot_helper_raises" time="0.026" /><testcase classname="tests.test_server" name="test_schedule_execute_wrapper_sends_response" time="0.002" /><testcase classname="tests.test_server_dispatcher" name="test_server_initializes_dispatcher_and_fallback_echo" time="0.002" /><testcase classname="tests.test_server_entrypoint" name="test_server_façade_exports" time="0.002" /><testcase classname="tests.test_services_execute" name="test_execute_blender_code_lazy_bpy" time="0.003" /><testcase classname="tests.test_services_execute" name="test_execute_blender_code_no_bpy" time="0.004" /><testcase classname="tests.test_services_execute" name="test_send_command_over_network" time="0.006" /><testcase classname="tests.test_services_execute_dispatcher" name="test_register_execute_handler_and_dispatch" time="0.005" /><testcase classname="tests.test_services_get_object_info" name="test_missing_name_raises_invalid_params" time="0.003" /><testcase classname="tests.test_services_get_object_info" name="test_addon_returns_error_dict_monkeypatched" time="0.003" /><testcase classname="tests.test_services_get_object_info" name="test_addon_raises_wrapped_as_handler_error" time="0.019" /><testcase classname="tests.test_services_get_object_info" name="test_addon_success_returns_success_shape" time="0.004" /><testcase classname="tests.test_services_hyper3d" name="test_prepare_rodin_payload_text" time="0.002" /><testcase classname="tests.test_services_hyper3d" name="test_prepare_rodin_payload_images" time="0.003" /><testcase classname="tests.test_services_object" name="test_get_object_info_no_bpy" time="0.011" /><testcase classname="tests.test_services_object" name="test_get_object_info_with_bpy" time="0.015" /><testcase classname="tests.test_services_polyhaven" name="test_format_categories_output" time="0.003" /><testcase classname="tests.test_services_polyhaven" name="test_format_search_assets" time="0.002" /><testcase classname="tests.test_services_polyhaven" name="test_download_asset_message_textures" time="0.002" /><testcase classname="tests.test_services_polyhaven_network" name="test_fetch_categories_requests" time="0.003" /><testcase classname="tests.test_services_polyhaven_network" name="test_download_asset_uses_downloader" time="0.007" /><testcase classname="tests.test_services_polyhaven_network" name="test_search_assets_network_invalid_json" time="0.003" /><testcase classname="tests.test_services_registry" name="test_register_and_list_services" time="0.002" /><testcase classname="tests.test_services_registry" name="test_dispatch_fallback_to_service_single_param" time="0.003" /><testcase classname="tests.test_services_registry" name="test_dispatch_strict_with_service" time="0.004" /><testcase classname="tests.test_services_registry" name="test_register_handlers_and_dispatch" time="0.006" /><testcase classname="tests.test_services_registry_extra" name="test_dispatcher_fallback_maps_kwargs" time="0.003" /><testcase classname="tests.test_services_registry_extra" name="test_registry_lists_core_services" time="0.003" /><testcase classname="tests.test_services_scene" name="test_get_scene_info_with_bpy" time="0.003" /><testcase classname="tests.test_services_scene" name="test_get_scene_info_no_bpy" time="0.004" /><testcase classname="tests.test_services_screenshot" name="test_get_viewport_screenshot_with_bpy" time="0.002" /><testcase classname="tests.test_services_screenshot" name="test_get_viewport_screenshot_no_bpy" time="0.003" /><testcase classname="tests.test_services_sketchfab" name="test_get_sketchfab_status_no_key" time="0.002" /><testcase classname="tests.test_services_sketchfab" name="test_search_models_with_key" time="0.003" /><testcase classname="tests.test_services_sketchfab" name="test_download_model_uses_downloaders" time="0.012" /><testcase classname="tests.test_services_utils" name="test_process_bbox_happy_path" time="0.002" /><testcase classname="tests.test_services_utils" name="test_process_bbox_none" time="0.002" /><testcase classname="tests.test_services_utils" name="test_process_bbox_invalid_values" time="0.002" /><testcase classname="tests.test_session_injection_downloaders" name="test_download_bytes_injected_session" time="0.002" /><testcase classname="tests.test_session_injection_downloaders" name="test_download_bytes_uses_injected_session" time="0.002" /><testcase classname="tests.test_session_injection_hyper3d" name="test_create_rodin_job_fal_ai_injected_session" time="0.002" /><testcase classname="tests.test_session_injection_hyper3d" name="test_import_generated_asset_fal_ai_injected_session" time="0.002" /><testcase classname="tests.test_session_injection_hyper3d" name="test_create_rodin_job_main_site_uses_session" time="0.002" /><testcase classname="tests.test_session_injection_mcp_client" name="test_call_mcp_tool_with_session" time="0.002" /><testcase classname="tests.test_session_injection_polyhaven" name="test_fetch_categories_with_injected_session" time="0.002" /><testcase classname="tests.test_session_injection_polyhaven" name="test_fetch_files_data_uses_injected_session" time="0.002" /><testcase classname="tests.test_session_injection_sketchfab" name="test_get_sketchfab_status_with_session" time="0.002" /><testcase classname="tests.test_session_injection_sketchfab" name="test_search_models_injected_session" time="0.002" /><testcase classname="tests.test_simple_dispatcher" name="test_dispatcher_register_and_dispatch" time="0.003" /><testcase classname="tests.test_simple_dispatcher" name="test_register_default_handlers_and_server_integration" time="0.002" /><testcase classname="tests.test_simple_dispatcher_compat" name="test_simple_dispatcher_compat_import_and_basic" time="0.005" /><testcase classname="tests.test_sketchfab" name="test_get_sketchfab_status_ok" time="0.003" /><testcase classname="tests.test_sketchfab" name="test_search_models_error_auth" time="0.003" /><testcase classname="tests.test_sketchfab" name="test_download_model_uses_downloaders" time="0.012" /><testcase classname="tests.test_sketchfab_extra" name="test_download_model_fallback_returns_error_when_download_fails" time="0.004" /><testcase classname="tests.test_sketchfab_service_search_download" name="test_search_requires_api_key" time="0.002" /><testcase classname="tests.test_sketchfab_service_search_download" name="test_search_uses_env_api_key" time="0.003" /><testcase classname="tests.test_sketchfab_service_search_download" name="test_search_maps_error" time="0.004" /><testcase classname="tests.test_sketchfab_service_search_download" name="test_download_success" time="0.003" /><testcase classname="tests.test_sketchfab_service_search_download" name="test_download_error" time="0.003" /><testcase classname="tests.test_sketchfab_service_status" name="test_sketchfab_status_no_key" time="0.002" /><testcase classname="tests.test_sketchfab_service_status" name="test_sketchfab_status_with_key" time="0.003" /><testcase classname="tests.test_sketchfab_service_status" name="test_sketchfab_status_invalid_param" time="0.004" /><testcase classname="tests.test_sketchfab_session" name="test_search_models_uses_provided_session" time="0.003" /><testcase classname="tests.test_sketchfab_session" name="test_get_status_uses_session" time="0.003" /><testcase classname="tests.test_status_services" name="test_polyhaven_status_success" time="0.003" /><testcase classname="tests.test_status_services" name="test_polyhaven_status_network_fail" time="0.003" /><testcase classname="tests.test_status_services" name="test_hyper3d_status_success" time="0.002" /><testcase classname="tests.test_texture_helpers" name="test_configure_image_sets_colorspace_and_packs" time="0.002" /><testcase classname="tests.test_texture_helpers" name="test_load_and_configure_image_uses_loader_and_sets_name" time="0.002" /><testcase classname="tests.test_texture_helpers_extra" name="test_load_and_configure_image_color_map" time="0.006" /><testcase classname="tests.test_texture_helpers_extra" name="test_load_and_configure_image_non_color_map" time="0.005" /><testcase classname="tests.test_textures_service" name="test_set_texture_success_material" time="0.003" /><testcase classname="tests.test_textures_service" name="test_set_texture_success_images" time="0.003" /><testcase classname="tests.test_textures_service" name="test_set_texture_invalid_params" time="0.003" /><testcase classname="tests.test_textures_service" name="test_set_texture_addon_error" time="0.004" /><testcase classname="tests.test_textures_service" name="test_set_texture_addon_exception" time="0.018" /><testcase classname="tests.test_tools" name="test_get_scene_info_returns_json_string" time="0.004" /><testcase classname="tests.test_tools" name="test_execute_blender_code_success" time="0.003" /><testcase classname="tests.test_tools" name="test_get_viewport_screenshot_reads_tempfile" time="0.007" /><testcase classname="tests.test_transport_phase_a" name="test_select_transport_prefers_raw_when_socket_factory_provided" time="0.002" /><testcase classname="tests.test_transport_phase_a" name="test_select_transport_uses_core_when_available" time="0.003" /><testcase classname="tests.test_transport_phase_a" name="test_response_receiver_timeout" time="0.002" /><testcase classname="tests.test_transport_phase_a" name="test_response_receiver_reassembles_chunks" time="0.002" /><testcase classname="tests.test_transport_phase_a" name="test_network_uses_injected_transport" time="0.002" /><testcase classname="tests.test_transport_phase_a" name="test_response_receiver_no_data_raises" time="0.002" /><testcase classname="tests.test_transport_phase_a" name="test_response_receiver_timeout_value_applied" time="0.002" /><testcase classname="tests.test_transport_phase_a" name="test_response_receiver_socket_error_propagates" time="0.015" /><testcase classname="tests.test_transport_phase_a" name="test_rawsocket_transport_sends_ndjson" time="0.004" /><testcase classname="tests.test_transport_protocol" name="test_fake_transport_is_instance_of_protocol_at_runtime" time="0.002" /><testcase classname="tests.test_transport_protocol" name="test_network_core_uses_injected_transport" time="0.002" /><testcase classname="tests.test_transport_protocol" name="test_select_transport_with_socket_factory_returns_raw_socket" time="0.008" /><testcase classname="tests.test_types_structures" name="test_dispatcher_result_success_shape" time="0.002" /><testcase classname="tests.test_types_structures" name="test_dispatcher_result_error_shape" time="0.002" /><testcase classname="tests.test_types_structures" name="test_tool_command_variants" time="0.002" /><testcase classname="tests.test_types_structures" name="test_tool_info_partial" time="0.877" /></testsuite></testsuites>